# !SESSION 2023-10-04 15:29:17.058
# version: 1.1
# verbose: true
# The following option strings are specified for this debug session:
# 	null
| Worker-7: Setup scanner extension configuration | 2023-10-04 15:29:17.058 | com.iar.ide.common | /debug | com.iar.ide.common.logging.Logger | traceFile | 197 | SDK location does not exist: null |
# !SESSION 2023-10-09 16:08:20.506
# version: 1.1
# verbose: true
# The following option strings are specified for this debug session:
# 	null
| Worker-10: Setup scanner extension configuration | 2023-10-09 16:08:20.506 | com.iar.ide.common | /debug | com.iar.ide.common.logging.Logger | traceFile | 197 | SDK location does not exist: null |
# !SESSION 2023-10-09 16:13:51.762
# version: 1.1
# verbose: true
# The following option strings are specified for this debug session:
# 	null
| Worker-2: Setup scanner extension configuration | 2023-10-09 16:13:51.762 | com.iar.ide.common | /debug | com.iar.ide.common.logging.Logger | traceFile | 197 | SDK location does not exist: null |
# !SESSION 2023-10-09 18:33:18.228
# version: 1.1
# verbose: true
# The following option strings are specified for this debug session:
# 	null
| Worker-10: Setup scanner extension configuration | 2023-10-09 18:33:18.228 | com.iar.ide.common | /debug | com.iar.ide.common.logging.Logger | traceFile | 197 | SDK location does not exist: null |
# !SESSION 2023-10-09 19:14:35.941
# version: 1.1
# verbose: true
# The following option strings are specified for this debug session:
# 	null
| Worker-5: Setup scanner extension configuration | 2023-10-09 19:14:35.941 | com.iar.ide.common | /debug | com.iar.ide.common.logging.Logger | traceFile | 197 | SDK location does not exist: null |
# !SESSION 2023-10-09 19:16:35.162
# version: 1.1
# verbose: true
# The following option strings are specified for this debug session:
# 	null
| Worker-9: Setup scanner extension configuration | 2023-10-09 19:16:35.162 | com.iar.ide.common | /debug | com.iar.ide.common.logging.Logger | traceFile | 197 | SDK location does not exist: null |
